2020-01-22 17:04:31,728 [Worker-2: Loading available Gradle versions] INFO  o.e.b.c.i.u.g.PublishedGradleVersions - Gradle version information cache is out-of-date. Trying to update.
2020-01-22 17:35:51,385 [Worker-6: Loading available Gradle versions] INFO  o.e.b.c.i.u.g.PublishedGradleVersions - Gradle version information cache is up-to-date. Trying to read.
2020-01-22 17:41:25,472 [Worker-5: Loading available Gradle versions] INFO  o.e.b.c.i.u.g.PublishedGradleVersions - Gradle version information cache is up-to-date. Trying to read.
2020-01-22 17:43:09,566 [Worker-16: Updating Maven Dependencies] INFO  o.e.m.c.i.l.LifecycleMappingFactory - Using org.maven.ide.eclipse.wtp.WarLifecycleMapping lifecycle mapping for MavenProject: com.codingdojo.BeltReview:BeltReview:0.0.1-SNAPSHOT @ /Users/nigel/Desktop/SpringPlatform/JavatestRetake/pom.xml.
2020-01-22 17:43:10,194 [Worker-10: Building workspace] INFO  o.e.m.c.i.l.LifecycleMappingFactory - Using org.maven.ide.eclipse.wtp.WarLifecycleMapping lifecycle mapping for MavenProject: com.codingdojo.BeltReview:BeltReview:0.0.1-SNAPSHOT @ /Users/nigel/Desktop/SpringPlatform/JavatestRetake/pom.xml.
2020-01-22 17:43:14,795 [Worker-10: Building workspace] INFO  o.e.m.c.i.embedder.EclipseLogger - Using 'UTF-8' encoding to copy filtered resources.
2020-01-22 17:43:14,805 [Worker-10: Building workspace] INFO  o.e.m.c.i.embedder.EclipseLogger - Copying 1 resource
2020-01-22 17:43:14,843 [Worker-10: Building workspace] INFO  o.e.m.c.i.embedder.EclipseLogger - Copying 24 resources
2020-01-22 17:43:14,929 [Worker-10: Building workspace] INFO  o.e.m.c.i.embedder.EclipseLogger - Using 'UTF-8' encoding to copy filtered resources.
2020-01-22 17:43:14,929 [Worker-10: Building workspace] INFO  o.e.m.c.i.embedder.EclipseLogger - skip non existing resourceDirectory /Users/nigel/Desktop/SpringPlatform/JavatestRetake/src/test/resources
2020-01-22 17:43:17,639 [Worker-15: Updating Maven Dependencies] INFO  o.e.m.c.i.l.LifecycleMappingFactory - Using org.maven.ide.eclipse.wtp.WarLifecycleMapping lifecycle mapping for MavenProject: com.codingdojo.BeltReview:BeltReview:0.0.1-SNAPSHOT @ /Users/nigel/Desktop/SpringPlatform/JavatestRetake/pom.xml.
2020-01-22 17:43:22,549 [Worker-11: Building workspace] INFO  o.e.m.c.i.embedder.EclipseLogger - Using 'UTF-8' encoding to copy filtered resources.
2020-01-22 17:43:22,558 [Worker-11: Building workspace] INFO  o.e.m.c.i.embedder.EclipseLogger - Copying 0 resource
2020-01-22 17:43:22,558 [Worker-11: Building workspace] INFO  o.e.m.c.i.embedder.EclipseLogger - Copying 0 resource
2020-01-22 17:43:22,564 [Worker-11: Building workspace] INFO  o.e.m.c.i.embedder.EclipseLogger - Using 'UTF-8' encoding to copy filtered resources.
2020-01-22 17:43:22,565 [Worker-11: Building workspace] INFO  o.e.m.c.i.embedder.EclipseLogger - skip non existing resourceDirectory /Users/nigel/Desktop/SpringPlatform/JavatestRetake/src/test/resources
2020-01-23 14:52:32,125 [Worker-3: Loading available Gradle versions] INFO  o.e.b.c.i.u.g.PublishedGradleVersions - Gradle version information cache is up-to-date. Trying to read.
2020-01-23 14:57:52,462 [Worker-12: Building workspace] INFO  o.e.m.c.i.embedder.EclipseLogger - Using 'UTF-8' encoding to copy filtered resources.
2020-01-23 14:57:52,481 [Worker-12: Building workspace] INFO  o.e.m.c.i.embedder.EclipseLogger - Copying 1 resource
2020-01-23 14:57:52,500 [Worker-12: Building workspace] INFO  o.e.m.c.i.embedder.EclipseLogger - Copying 24 resources
2020-01-23 14:57:52,505 [Worker-12: Building workspace] INFO  o.e.m.c.i.embedder.EclipseLogger - Using 'UTF-8' encoding to copy filtered resources.
2020-01-23 14:57:52,506 [Worker-12: Building workspace] INFO  o.e.m.c.i.embedder.EclipseLogger - skip non existing resourceDirectory /Users/nigel/Desktop/SpringPlatform/JavatestRetake/src/test/resources
